#
# A fatal error has been detected by the Java Runtime Environment:
#
#  EXCEPTION_ACCESS_VIOLATION (0xc0000005) at pc=0x0000000050bf8f45, pid=7088, tid=3612
#
# JRE version: Java(TM) SE Runtime Environment (8.0_91-b14) (build 1.8.0_91-b14)
# Java VM: Java HotSpot(TM) 64-Bit Server VM (25.91-b14 mixed mode windows-amd64 compressed oops)
# Problematic frame:
# V  [jvm.dll+0x128f45]
#
# Failed to write core dump. Minidumps are not enabled by default on client versions of Windows
#
# If you would like to submit a bug report, please visit:
#   http://bugreport.java.com/bugreport/crash.jsp
#

---------------  T H R E A D  ---------------

Current thread (0x0000000015b62800):  JavaThread "JDWP Transport Listener: dt_socket" daemon [_thread_in_vm, id=3612, stack(0x00000000171b0000,0x00000000172b0000)]

siginfo: ExceptionCode=0xc0000005, reading address 0x00000000000000b2

Registers:
RAX=0x00000000172af501, RBX=0x0000000015b62800, RCX=0x00000000000000b2, RDX=0x0000000000000000
RSP=0x00000000172af540, RBP=0x00000000000000b2, RSI=0x00000000172af658, RDI=0x0000000000509b00
R8 =0x0000000015b62800, R9 =0x0000000000000000, R10=0x0000000000000000, R11=0x0000000000000064
R12=0x0000000000000000, R13=0x0000000015b6b588, R14=0x0000000000000000, R15=0x0000000000000000
RIP=0x0000000050bf8f45, EFLAGS=0x0000000000010206

Top of Stack: (sp=0x00000000172af540)
0x00000000172af540:   0000000015b62800 0000000015b62800
0x00000000172af550:   00000000172af608 0000000050dff32b
0x00000000172af560:   0000000015b62800 0000000050e1bb8d
0x00000000172af570:   0000000000000000 00000000505d9155
0x00000000172af580:   000000001781fb78 00000000505e291e
0x00000000172af590:   0000000015b62800 0000000000000000
0x00000000172af5a0:   0000000000000000 0000000000000000
0x00000000172af5b0:   00000000000000b2 00000000505e1a15
0x00000000172af5c0:   00000000172af658 00000000172af630
0x00000000172af5d0:   0000000000000001 000000001781fb78
0x00000000172af5e0:   00000000000000b2 00000000505c53b3
0x00000000172af5f0:   00000000172af720 0000000000000001
0x00000000172af600:   0000000000000001 000000001781fb78
0x00000000172af610:   000000000000000a 0000000000000000
0x00000000172af620:   0000000000000000 0000000000000000
0x00000000172af630:   0000000000000001 00000000505c5571 

Instructions: (pc=0x0000000050bf8f45)
0x0000000050bf8f25:   cc cc cc cc cc cc cc cc cc cc cc 48 83 ec 28 48
0x0000000050bf8f35:   85 c9 75 07 33 c0 48 83 c4 28 c3 48 89 5c 24 20
0x0000000050bf8f45:   48 8b 19 48 85 db 74 20 48 83 fb 37 74 1a 48 8b
0x0000000050bf8f55:   13 48 8b cb ff 52 10 84 c0 74 0d 48 8b c3 48 8b 


Register to memory mapping:

RAX=0x00000000172af501 is pointing into the stack for thread: 0x0000000015b62800
RBX=0x0000000015b62800 is a thread
RCX=0x00000000000000b2 is an unknown value
RDX=0x0000000000000000 is an unknown value
RSP=0x00000000172af540 is pointing into the stack for thread: 0x0000000015b62800
RBP=0x00000000000000b2 is an unknown value
RSI=0x00000000172af658 is pointing into the stack for thread: 0x0000000015b62800
RDI=0x0000000000509b00 is an unknown value
R8 =0x0000000015b62800 is a thread
R9 =0x0000000000000000 is an unknown value
R10=0x0000000000000000 is an unknown value
R11=0x0000000000000064 is an unknown value
R12=0x0000000000000000 is an unknown value
R13=0x0000000015b6b588 is an unknown value
R14=0x0000000000000000 is an unknown value
R15=0x0000000000000000 is an unknown value


Stack: [0x00000000171b0000,0x00000000172b0000],  sp=0x00000000172af540,  free space=1021k
Native frames: (J=compiled Java code, j=interpreted, Vv=VM code, C=native code)
V  [jvm.dll+0x128f45]
V  [jvm.dll+0x34bb8d]
C  [jdwp.dll+0x21a15]
C  [jdwp.dll+0x53b3]
C  [jdwp.dll+0x5571]
C  [jdwp.dll+0xf0a8]
C  [jdwp.dll+0x1f2d5]
C  [jdwp.dll+0x1f4aa]
V  [jvm.dll+0x1bbf38]
V  [jvm.dll+0x243ae4]
V  [jvm.dll+0x29a99a]
C  [msvcr100.dll+0x21d9f]
C  [msvcr100.dll+0x21e3b]
C  [KERNEL32.DLL+0x18102]
C  [ntdll.dll+0x5c264]


---------------  P R O C E S S  ---------------

Java Threads: ( => current thread )
  0x0000000017814800 JavaThread "Service Thread" daemon [_thread_blocked, id=3740, stack(0x0000000017bb0000,0x0000000017cb0000)]
  0x0000000015b84800 JavaThread "C1 CompilerThread2" daemon [_thread_blocked, id=8768, stack(0x00000000176b0000,0x00000000177b0000)]
  0x0000000015b83800 JavaThread "C2 CompilerThread1" daemon [_thread_blocked, id=1560, stack(0x00000000175b0000,0x00000000176b0000)]
  0x0000000015b8b000 JavaThread "C2 CompilerThread0" daemon [_thread_blocked, id=7700, stack(0x00000000174b0000,0x00000000175b0000)]
  0x0000000015b7b000 JavaThread "JDWP Command Reader" daemon [_thread_in_native, id=4696, stack(0x00000000173b0000,0x00000000174b0000)]
  0x0000000015b6e000 JavaThread "JDWP Event Helper Thread" daemon [_thread_blocked, id=2856, stack(0x00000000172b0000,0x00000000173b0000)]
=>0x0000000015b62800 JavaThread "JDWP Transport Listener: dt_socket" daemon [_thread_in_vm, id=3612, stack(0x00000000171b0000,0x00000000172b0000)]
  0x0000000015b59000 JavaThread "Attach Listener" daemon [_thread_blocked, id=1672, stack(0x00000000170b0000,0x00000000171b0000)]
  0x0000000015b58000 JavaThread "Signal Dispatcher" daemon [_thread_blocked, id=7476, stack(0x0000000016fb0000,0x00000000170b0000)]
  0x0000000015b3a000 JavaThread "Finalizer" daemon [_thread_blocked, id=7996, stack(0x0000000016dc0000,0x0000000016ec0000)]
  0x00000000022c1000 JavaThread "Reference Handler" daemon [_thread_blocked, id=6020, stack(0x0000000016cc0000,0x0000000016dc0000)]
  0x000000000050e000 JavaThread "main" [_thread_blocked, id=1292, stack(0x0000000002020000,0x0000000002120000)]

Other Threads:
  0x0000000015b17800 VMThread [stack: 0x0000000016bc0000,0x0000000016cc0000] [id=1328]
  0x0000000017821000 WatcherThread [stack: 0x0000000017cb0000,0x0000000017db0000] [id=9280]

VM state:not at safepoint (normal execution)

VM Mutex/Monitor currently owned by a thread: None

Heap:
 PSYoungGen      total 28672K, used 1966K [0x00000000e0980000, 0x00000000e2980000, 0x0000000100000000)
  eden space 24576K, 8% used [0x00000000e0980000,0x00000000e0b6b928,0x00000000e2180000)
  from space 4096K, 0% used [0x00000000e2580000,0x00000000e2580000,0x00000000e2980000)
  to   space 4096K, 0% used [0x00000000e2180000,0x00000000e2180000,0x00000000e2580000)
 ParOldGen       total 65536K, used 0K [0x00000000a1c00000, 0x00000000a5c00000, 0x00000000e0980000)
  object space 65536K, 0% used [0x00000000a1c00000,0x00000000a1c00000,0x00000000a5c00000)
 Metaspace       used 2836K, capacity 4564K, committed 4864K, reserved 1056768K
  class space    used 308K, capacity 388K, committed 512K, reserved 1048576K

Card table byte_map: [0x0000000011690000,0x0000000011990000] byte_map_base: 0x0000000011182000

Marking Bits: (ParMarkBitMap*) 0x00000000512e2f70
 Begin Bits: [0x0000000011f90000, 0x0000000013720000)
 End Bits:   [0x0000000013720000, 0x0000000014eb0000)

Polling page: 0x00000000004f0000

CodeCache: size=245760Kb used=1138Kb max_used=1138Kb free=244621Kb
 bounds [0x00000000022d0000, 0x0000000002540000, 0x00000000112d0000]
 total_blobs=275 nmethods=49 adapters=147
 compilation: enabled

Compilation events (10 events):
Event: 0.286 Thread 0x0000000015b84800   45       3       java.io.WinNTFileSystem::normalize (143 bytes)
Event: 0.287 Thread 0x0000000015b84800 nmethod 45 0x00000000023eaa10 code [0x00000000023eac00, 0x00000000023eb488]
Event: 0.288 Thread 0x0000000015b84800   46       3       java.lang.AbstractStringBuilder::expandCapacity (50 bytes)
Event: 0.289 Thread 0x0000000015b84800 nmethod 46 0x00000000023eb890 code [0x00000000023eba40, 0x00000000023ebfb8]
Event: 2.045 Thread 0x0000000015b84800   47       1       java.util.ArrayList::size (5 bytes)
Event: 2.045 Thread 0x0000000015b84800 nmethod 47 0x00000000023ec210 code [0x00000000023ec360, 0x00000000023ec470]
Event: 2.045 Thread 0x0000000015b84800   48       3       java.lang.String::startsWith (7 bytes)
Event: 2.046 Thread 0x0000000015b84800 nmethod 48 0x00000000023ec4d0 code [0x00000000023ec640, 0x00000000023ec868]
Event: 2.047 Thread 0x0000000015b84800   49       1       java.net.URL::getFile (5 bytes)
Event: 2.047 Thread 0x0000000015b84800 nmethod 49 0x00000000023ec910 code [0x00000000023eca60, 0x00000000023ecb70]

GC Heap History (0 events):
No events

Deoptimization events (0 events):
No events

Internal exceptions (2 events):
Event: 0.094 Thread 0x000000000050e000 Exception <a 'java/lang/NoSuchMethodError': Method sun.misc.Unsafe.defineClass(Ljava/lang/String;[BII)Ljava/lang/Class; name or signature does not match> (0x00000000e0987cc0) thrown at [C:\re\workspace\8-2-build-windows-amd64-cygwin\jdk8u91\6644\hotspot\sräAúp3¸?
Event: 0.095 Thread 0x000000000050e000 Exception <a 'java/lang/NoSuchMethodError': Method sun.misc.Unsafe.prefetchRead(Ljava/lang/Object;J)V name or signature does not match> (0x00000000e0987fa8) thrown at [C:\re\workspace\8-2-build-windows-amd64-cygwin\jdk8u91\6644\hotspot\src\share\vm\prims\j

Events (10 events):
Event: 211.192 Executing VM operation: ChangeBreakpoints
Event: 211.193 Executing VM operation: ChangeBreakpoints done
Event: 278.984 Executing VM operation: ChangeBreakpoints
Event: 278.984 Executing VM operation: ChangeBreakpoints done
Event: 278.984 Executing VM operation: ChangeBreakpoints
Event: 278.984 Executing VM operation: ChangeBreakpoints done
Event: 278.984 Executing VM operation: ChangeBreakpoints
Event: 278.984 Executing VM operation: ChangeBreakpoints done
Event: 279.029 Executing VM operation: RedefineClasses
Event: 279.042 Executing VM operation: RedefineClasses done


Dynamic libraries:
0x00007ff742d40000 - 0x00007ff742d77000 	C:\Program Files\Java\jdk1.8.0_91\bin\java.exe
0x00007ff82db60000 - 0x00007ff82dd21000 	C:\WINDOWS\SYSTEM32\ntdll.dll
0x00007ff82b660000 - 0x00007ff82b70d000 	C:\WINDOWS\system32\KERNEL32.DLL
0x00007ff82a2c0000 - 0x00007ff82a4a8000 	C:\WINDOWS\system32\KERNELBASE.dll
0x00007ff82b3b0000 - 0x00007ff82b457000 	C:\WINDOWS\system32\ADVAPI32.dll
0x00007ff82af60000 - 0x00007ff82affd000 	C:\WINDOWS\system32\msvcrt.dll
0x00007ff82db00000 - 0x00007ff82db5b000 	C:\WINDOWS\system32\sechost.dll
0x00007ff82b010000 - 0x00007ff82b12c000 	C:\WINDOWS\system32\RPCRT4.dll
0x00007ff82d270000 - 0x00007ff82d3c6000 	C:\WINDOWS\system32\USER32.dll
0x00007ff82b460000 - 0x00007ff82b5e6000 	C:\WINDOWS\system32\GDI32.dll
0x00007ff825710000 - 0x00007ff825984000 	C:\WINDOWS\WinSxS\amd64_microsoft.windows.common-controls_6595b64144ccf1df_6.0.10586.0_none_8c15ae12515e1c22\COMCTL32.dll
0x00007ff82cff0000 - 0x00007ff82d26d000 	C:\WINDOWS\system32\combase.dll
0x00007ff82ac90000 - 0x00007ff82acfa000 	C:\WINDOWS\system32\bcryptPrimitives.dll
0x00007ff82cfb0000 - 0x00007ff82cfeb000 	C:\WINDOWS\system32\IMM32.DLL
0x0000000050610000 - 0x00000000506e2000 	C:\Program Files\Java\jdk1.8.0_91\jre\bin\msvcr100.dll
0x0000000050ad0000 - 0x0000000051363000 	C:\Program Files\Java\jdk1.8.0_91\jre\bin\server\jvm.dll
0x00007ff82b000000 - 0x00007ff82b008000 	C:\WINDOWS\system32\PSAPI.DLL
0x00007ff8274e0000 - 0x00007ff8274e9000 	C:\WINDOWS\SYSTEM32\WSOCK32.dll
0x00007ff82b5f0000 - 0x00007ff82b65b000 	C:\WINDOWS\system32\WS2_32.dll
0x00007ff828290000 - 0x00007ff8282b3000 	C:\WINDOWS\SYSTEM32\WINMM.dll
0x00007ff825c30000 - 0x00007ff825c3a000 	C:\WINDOWS\SYSTEM32\VERSION.dll
0x00007ff8281b0000 - 0x00007ff8281dc000 	C:\WINDOWS\SYSTEM32\WINMMBASE.dll
0x00007ff82a590000 - 0x00007ff82a5d3000 	C:\WINDOWS\system32\cfgmgr32.dll
0x0000000050ac0000 - 0x0000000050acf000 	C:\Program Files\Java\jdk1.8.0_91\jre\bin\verify.dll
0x0000000050a90000 - 0x0000000050ab9000 	C:\Program Files\Java\jdk1.8.0_91\jre\bin\java.dll
0x00000000505c0000 - 0x00000000505f5000 	C:\Program Files\Java\jdk1.8.0_91\jre\bin\jdwp.dll
0x00000000505b0000 - 0x00000000505b8000 	C:\Program Files\Java\jdk1.8.0_91\jre\bin\npt.dll
0x0000000050a70000 - 0x0000000050a86000 	C:\Program Files\Java\jdk1.8.0_91\jre\bin\zip.dll
0x00007ff82b890000 - 0x00007ff82cdef000 	C:\WINDOWS\system32\SHELL32.dll
0x00007ff82a640000 - 0x00007ff82ac84000 	C:\WINDOWS\system32\windows.storage.dll
0x00007ff82b190000 - 0x00007ff82b1e2000 	C:\WINDOWS\system32\shlwapi.dll
0x00007ff82a1f0000 - 0x00007ff82a1ff000 	C:\WINDOWS\system32\kernel.appcore.dll
0x00007ff82a4b0000 - 0x00007ff82a565000 	C:\WINDOWS\system32\shcore.dll
0x00007ff82a180000 - 0x00007ff82a1cb000 	C:\WINDOWS\system32\powrprof.dll
0x00007ff82a1d0000 - 0x00007ff82a1e4000 	C:\WINDOWS\system32\profapi.dll
0x00000000505a0000 - 0x00000000505a9000 	C:\Program Files\Java\jdk1.8.0_91\jre\bin\dt_socket.dll
0x00007ff829a50000 - 0x00007ff829aac000 	C:\WINDOWS\system32\mswsock.dll
0x00007ff826a40000 - 0x00007ff826bcc000 	C:\WINDOWS\SYSTEM32\dbghelp.dll

VM Arguments:
jvm_args: -agentlib:jdwp=transport=dt_socket,address=127.0.0.1:63177,suspend=y,server=n -Dfile.encoding=UTF-8 
java_command: by.training.task2_1.service.DOMParser
java_class_path (initial): C:\Program Files\Java\jdk1.8.0_91\jre\lib\charsets.jar;C:\Program Files\Java\jdk1.8.0_91\jre\lib\deploy.jar;C:\Program Files\Java\jdk1.8.0_91\jre\lib\ext\access-bridge-64.jar;C:\Program Files\Java\jdk1.8.0_91\jre\lib\ext\cldrdata.jar;C:\Program Files\Java\jdk1.8.0_91\jre\lib\ext\dnsns.jar;C:\Program Files\Java\jdk1.8.0_91\jre\lib\ext\jaccess.jar;C:\Program Files\Java\jdk1.8.0_91\jre\lib\ext\jfxrt.jar;C:\Program Files\Java\jdk1.8.0_91\jre\lib\ext\localedata.jar;C:\Program Files\Java\jdk1.8.0_91\jre\lib\ext\nashorn.jar;C:\Program Files\Java\jdk1.8.0_91\jre\lib\ext\sunec.jar;C:\Program Files\Java\jdk1.8.0_91\jre\lib\ext\sunjce_provider.jar;C:\Program Files\Java\jdk1.8.0_91\jre\lib\ext\sunmscapi.jar;C:\Program Files\Java\jdk1.8.0_91\jre\lib\ext\sunpkcs11.jar;C:\Program Files\Java\jdk1.8.0_91\jre\lib\ext\zipfs.jar;C:\Program Files\Java\jdk1.8.0_91\jre\lib\javaws.jar;C:\Program Files\Java\jdk1.8.0_91\jre\lib\jce.jar;C:\Program Files\Java\jdk1.8.0_91\jre\lib\jfr.jar;C:\Program Files\Java\jdk1.8.0_91\jre\lib\jfxswt.jar;C:\Program Files\Java\jdk1.8.0_91\jre\lib\jsse.jar;C:\Program Files\Java\jdk1.8.0_91\jre\lib\management-agent.jar;C:\Program Files\Java\jdk1.8.0_91\jre\lib\plugin.jar;C:\Program Files\Java\jdk1.8.0_91\jre\lib\resources.jar;C:\Program Files\Java\jdk1.8.0_91\jre\lib\rt.jar;D:\epam_workspace\epam\Task2.1\out\production\Task2.1;C:\Program Files (x86)\JetBrains\IntelliJ IDEA Community Edition 2016.1.2\lib\idea_rt.jar
Launcher Type: SUN_STANDARD

Environment Variables:
JAVA_HOME=c:\Program Files\Java\jdk1.8.0_91\
PATH=c:\Program Files\Java\jdk1.8.0_91\\bin;C:\Windows\system32;C:\WINDOWS\system32;C:\Windows;C:\WINDOWS;%git_home%
USERNAME=Àíàñòàñèÿ
OS=Windows_NT
PROCESSOR_IDENTIFIER=Intel64 Family 6 Model 58 Stepping 9, GenuineIntel



---------------  S Y S T E M  ---------------

OS: Windows 10.0 , 64 bit Build 10586 (10.0.10586.0)

CPU:total 4 (2 cores per cpu, 2 threads per core) family 6 model 58 stepping 9, cmov, cx8, fxsr, mmx, sse, sse2, sse3, ssse3, sse4.1, sse4.2, popcnt, avx, aes, clmul, erms, ht, tsc, tscinvbit, tscinv

Memory: 4k page, physical 6174276k(2726764k free), swap 7878212k(2668220k free)

vm_info: Java HotSpot(TM) 64-Bit Server VM (25.91-b14) for windows-amd64 JRE (1.8.0_91-b14), built on Apr  1 2016 00:58:32 by "java_re" with MS VC++ 10.0 (VS2010)

time: Tue May 24 11:23:21 2016
elapsed time: 279 seconds (0d 0h 4m 39s)

